SYNC_LOG
TIMESTAMP=2026-04-02 23:18:12
MODE=SYNC
SOURCE=C:\Users\adiha\Mój dysk\Historie Życia
TARGET_ROOT=C:\Users\adiha\Pictures
SYNC_DIR=C:\Users\adiha\Pictures\01_IMPORTY_ZRODLOWE\sync_missing_02-04-2026
COPIED=170
ERRORS=0
STATUS=SYNC_COMPLETE
---
[OK] COPIED|C:\Users\adiha\Mój dysk\Historie Życia\Od Belgii Po przez Afryke az do Miedzynarodowki\20220722_193019.jpg|C:\Users\adiha\Pictures\01_IMPORTY_ZRODLOWE\sync_missing_02-04-2026\Od Belgii Po przez Afryke az do Miedzynarodowki\20220722_193019.jpg
[OK] COPIED|C:\Users\adiha\Mój dysk\Historie Życia\Od Belgii Po przez Afryke az do Miedzynarodowki\20220810_185034.jpg|C:\Users\adiha\Pictures\01_IMPORTY_ZRODLOWE\sync_missing_02-04-2026\Od Belgii Po przez Afryke az do Miedzynarodowki\20220810_185034.jpg
[OK] COPIED|C:\Users\adiha\Mój dysk\Historie Życia\Od Belgii Po przez Afryke az do Miedzynarodowki\20220810_185116.jpg|C:\Users\adiha\Pictures\01_IMPORTY_ZRODLOWE\sync_missing_02-04-2026\Od Belgii Po przez Afryke az do Miedzynarodowki\20220810_185116.jpg
[OK] COPIED|C:\Users\adiha\Mój dysk\Historie Życia\Od Belgii Po przez Afryke az do Miedzynarodowki\20220812_220710.jpg|C:\Users\adiha\Pictures\01_IMPORTY_ZRODLOWE\sync_missing_02-04-2026\Od Belgii Po przez Afryke az do Miedzynarodowki\20220812_220710.jpg
[OK] COPIED|C:\Users\adiha\Mój dysk\Historie Życia\Od Belgii Po przez Afryke az do Miedzynarodowki\20220909_161436.jpg|C:\Users\adiha\Pictures\01_IMPORTY_ZRODLOWE\sync_missing_02-04-2026\Od Belgii Po przez Afryke az do Miedzynarodowki\20220909_161436.jpg
[OK] COPIED|C:\Users\adiha\Mój dysk\Historie Życia\Od Belgii Po przez Afryke az do Miedzynarodowki\20221118_053745.jpg|C:\Users\adiha\Pictures\01_IMPORTY_ZRODLOWE\sync_missing_02-04-2026\Od Belgii Po przez Afryke az do Miedzynarodowki\20221118_053745.jpg
[OK] COPIED|C:\Users\adiha\Mój dysk\Historie Życia\Od Belgii Po przez Afryke az do Miedzynarodowki\20230108_204135.jpg|C:\Users\adiha\Pictures\01_IMPORTY_ZRODLOWE\sync_missing_02-04-2026\Od Belgii Po przez Afryke az do Miedzynarodowki\20230108_204135.jpg
[OK] COPIED|C:\Users\adiha\Mój dysk\Historie Życia\Od Belgii Po przez Afryke az do Miedzynarodowki\20230407_202156.jpg|C:\Users\adiha\Pictures\01_IMPORTY_ZRODLOWE\sync_missing_02-04-2026\Od Belgii Po przez Afryke az do Miedzynarodowki\20230407_202156.jpg
[OK] COPIED|C:\Users\adiha\Mój dysk\Historie Życia\Od Belgii Po przez Afryke az do Miedzynarodowki\20230407_202205.jpg|C:\Users\adiha\Pictures\01_IMPORTY_ZRODLOWE\sync_missing_02-04-2026\Od Belgii Po przez Afryke az do Miedzynarodowki\20230407_202205.jpg
[OK] COPIED|C:\Users\adiha\Mój dysk\Historie Życia\Od Belgii Po przez Afryke az do Miedzynarodowki\20230407_202213.jpg|C:\Users\adiha\Pictures\01_IMPORTY_ZRODLOWE\sync_missing_02-04-2026\Od Belgii Po przez Afryke az do Miedzynarodowki\20230407_202213.jpg
[OK] COPIED|C:\Users\adiha\Mój dysk\Historie Życia\Od Belgii Po przez Afryke az do Miedzynarodowki\20230408_033200.jpg|C:\Users\adiha\Pictures\01_IMPORTY_ZRODLOWE\sync_missing_02-04-2026\Od Belgii Po przez Afryke az do Miedzynarodowki\20230408_033200.jpg
[OK] COPIED|C:\Users\adiha\Mój dysk\Historie Życia\Od Belgii Po przez Afryke az do Miedzynarodowki\20230408_033233.jpg|C:\Users\adiha\Pictures\01_IMPORTY_ZRODLOWE\sync_missing_02-04-2026\Od Belgii Po przez Afryke az do Miedzynarodowki\20230408_033233.jpg
[OK] COPIED|C:\Users\adiha\Mój dysk\Historie Życia\Od Belgii Po przez Afryke az do Miedzynarodowki\20230408_033250.jpg|C:\Users\adiha\Pictures\01_IMPORTY_ZRODLOWE\sync_missing_02-04-2026\Od Belgii Po przez Afryke az do Miedzynarodowki\20230408_033250.jpg
[OK] COPIED|C:\Users\adiha\Mój dysk\Historie Życia\Od Belgii Po przez Afryke az do Miedzynarodowki\20230408_033336.jpg|C:\Users\adiha\Pictures\01_IMPORTY_ZRODLOWE\sync_missing_02-04-2026\Od Belgii Po przez Afryke az do Miedzynarodowki\20230408_033336.jpg
[OK] COPIED|C:\Users\adiha\Mój dysk\Historie Życia\Od Belgii Po przez Afryke az do Miedzynarodowki\20230408_082651.jpg|C:\Users\adiha\Pictures\01_IMPORTY_ZRODLOWE\sync_missing_02-04-2026\Od Belgii Po przez Afryke az do Miedzynarodowki\20230408_082651.jpg
[OK] COPIED|C:\Users\adiha\Mój dysk\Historie Życia\Od Belgii Po przez Afryke az do Miedzynarodowki\20230408_082749.jpg|C:\Users\adiha\Pictures\01_IMPORTY_ZRODLOWE\sync_missing_02-04-2026\Od Belgii Po przez Afryke az do Miedzynarodowki\20230408_082749.jpg
[OK] COPIED|C:\Users\adiha\Mój dysk\Historie Życia\Od Belgii Po przez Afryke az do Miedzynarodowki\20230408_082848.jpg|C:\Users\adiha\Pictures\01_IMPORTY_ZRODLOWE\sync_missing_02-04-2026\Od Belgii Po przez Afryke az do Miedzynarodowki\20230408_082848.jpg
[OK] COPIED|C:\Users\adiha\Mój dysk\Historie Życia\Od Belgii Po przez Afryke az do Miedzynarodowki\20230409_094112.jpg|C:\Users\adiha\Pictures\01_IMPORTY_ZRODLOWE\sync_missing_02-04-2026\Od Belgii Po przez Afryke az do Miedzynarodowki\20230409_094112.jpg
[OK] COPIED|C:\Users\adiha\Mój dysk\Historie Życia\Od Belgii Po przez Afryke az do Miedzynarodowki\20230409_133031.jpg|C:\Users\adiha\Pictures\01_IMPORTY_ZRODLOWE\sync_missing_02-04-2026\Od Belgii Po przez Afryke az do Miedzynarodowki\20230409_133031.jpg
[OK] COPIED|C:\Users\adiha\Mój dysk\Historie Życia\Od Belgii Po przez Afryke az do Miedzynarodowki\20230409_133035.jpg|C:\Users\adiha\Pictures\01_IMPORTY_ZRODLOWE\sync_missing_02-04-2026\Od Belgii Po przez Afryke az do Miedzynarodowki\20230409_133035.jpg
[OK] COPIED|C:\Users\adiha\Mój dysk\Historie Życia\Od Belgii Po przez Afryke az do Miedzynarodowki\20230409_133112.jpg|C:\Users\adiha\Pictures\01_IMPORTY_ZRODLOWE\sync_missing_02-04-2026\Od Belgii Po przez Afryke az do Miedzynarodowki\20230409_133112.jpg
[OK] COPIED|C:\Users\adiha\Mój dysk\Historie Życia\Od Belgii Po przez Afryke az do Miedzynarodowki\20230409_133117.jpg|C:\Users\adiha\Pictures\01_IMPORTY_ZRODLOWE\sync_missing_02-04-2026\Od Belgii Po przez Afryke az do Miedzynarodowki\20230409_133117.jpg
[OK] COPIED|C:\Users\adiha\Mój dysk\Historie Życia\Od Belgii Po przez Afryke az do Miedzynarodowki\20230409_143926.jpg|C:\Users\adiha\Pictures\01_IMPORTY_ZRODLOWE\sync_missing_02-04-2026\Od Belgii Po przez Afryke az do Miedzynarodowki\20230409_143926.jpg
[OK] COPIED|C:\Users\adiha\Mój dysk\Historie Życia\Od Belgii Po przez Afryke az do Miedzynarodowki\20230409_144456.jpg|C:\Users\adiha\Pictures\01_IMPORTY_ZRODLOWE\sync_missing_02-04-2026\Od Belgii Po przez Afryke az do Miedzynarodowki\20230409_144456.jpg
[OK] COPIED|C:\Users\adiha\Mój dysk\Historie Życia\Od Belgii Po przez Afryke az do Miedzynarodowki\20230409_220456.jpg|C:\Users\adiha\Pictures\01_IMPORTY_ZRODLOWE\sync_missing_02-04-2026\Od Belgii Po przez Afryke az do Miedzynarodowki\20230409_220456.jpg
[OK] COPIED|C:\Users\adiha\Mój dysk\Historie Życia\Od Belgii Po przez Afryke az do Miedzynarodowki\20230409_220500.jpg|C:\Users\adiha\Pictures\01_IMPORTY_ZRODLOWE\sync_missing_02-04-2026\Od Belgii Po przez Afryke az do Miedzynarodowki\20230409_220500.jpg
[OK] COPIED|C:\Users\adiha\Mój dysk\Historie Życia\Od Belgii Po przez Afryke az do Miedzynarodowki\20230410_163058.jpg|C:\Users\adiha\Pictures\01_IMPORTY_ZRODLOWE\sync_missing_02-04-2026\Od Belgii Po przez Afryke az do Miedzynarodowki\20230410_163058.jpg
[OK] COPIED|C:\Users\adiha\Mój dysk\Historie Życia\Od Belgii Po przez Afryke az do Miedzynarodowki\20230410_175208.jpg|C:\Users\adiha\Pictures\01_IMPORTY_ZRODLOWE\sync_missing_02-04-2026\Od Belgii Po przez Afryke az do Miedzynarodowki\20230410_175208.jpg
[OK] COPIED|C:\Users\adiha\Mój dysk\Historie Życia\Od Belgii Po przez Afryke az do Miedzynarodowki\20230410_175303.jpg|C:\Users\adiha\Pictures\01_IMPORTY_ZRODLOWE\sync_missing_02-04-2026\Od Belgii Po przez Afryke az do Miedzynarodowki\20230410_175303.jpg
[OK] COPIED|C:\Users\adiha\Mój dysk\Historie Życia\Od Belgii Po przez Afryke az do Miedzynarodowki\20230410_175305.jpg|C:\Users\adiha\Pictures\01_IMPORTY_ZRODLOWE\sync_missing_02-04-2026\Od Belgii Po przez Afryke az do Miedzynarodowki\20230410_175305.jpg
[OK] COPIED|C:\Users\adiha\Mój dysk\Historie Życia\Od Belgii Po przez Afryke az do Miedzynarodowki\20230410_175336.jpg|C:\Users\adiha\Pictures\01_IMPORTY_ZRODLOWE\sync_missing_02-04-2026\Od Belgii Po przez Afryke az do Miedzynarodowki\20230410_175336.jpg
[OK] COPIED|C:\Users\adiha\Mój dysk\Historie Życia\Od Belgii Po przez Afryke az do Miedzynarodowki\20230410_181616.jpg|C:\Users\adiha\Pictures\01_IMPORTY_ZRODLOWE\sync_missing_02-04-2026\Od Belgii Po przez Afryke az do Miedzynarodowki\20230410_181616.jpg
[OK] COPIED|C:\Users\adiha\Mój dysk\Historie Życia\Od Belgii Po przez Afryke az do Miedzynarodowki\20230410_184121.jpg|C:\Users\adiha\Pictures\01_IMPORTY_ZRODLOWE\sync_missing_02-04-2026\Od Belgii Po przez Afryke az do Miedzynarodowki\20230410_184121.jpg
[OK] COPIED|C:\Users\adiha\Mój dysk\Historie Życia\Od Belgii Po przez Afryke az do Miedzynarodowki\20230410_184131.jpg|C:\Users\adiha\Pictures\01_IMPORTY_ZRODLOWE\sync_missing_02-04-2026\Od Belgii Po przez Afryke az do Miedzynarodowki\20230410_184131.jpg
[OK] COPIED|C:\Users\adiha\Mój dysk\Historie Życia\Od Belgii Po przez Afryke az do Miedzynarodowki\20230410_201625.jpg|C:\Users\adiha\Pictures\01_IMPORTY_ZRODLOWE\sync_missing_02-04-2026\Od Belgii Po przez Afryke az do Miedzynarodowki\20230410_201625.jpg
[OK] COPIED|C:\Users\adiha\Mój dysk\Historie Życia\Od Belgii Po przez Afryke az do Miedzynarodowki\20230410_201644.jpg|C:\Users\adiha\Pictures\01_IMPORTY_ZRODLOWE\sync_missing_02-04-2026\Od Belgii Po przez Afryke az do Miedzynarodowki\20230410_201644.jpg
[OK] COPIED|C:\Users\adiha\Mój dysk\Historie Życia\Od Belgii Po przez Afryke az do Miedzynarodowki\20230410_201859.jpg|C:\Users\adiha\Pictures\01_IMPORTY_ZRODLOWE\sync_missing_02-04-2026\Od Belgii Po przez Afryke az do Miedzynarodowki\20230410_201859.jpg
[OK] COPIED|C:\Users\adiha\Mój dysk\Historie Życia\Od Belgii Po przez Afryke az do Miedzynarodowki\20230410_201920.jpg|C:\Users\adiha\Pictures\01_IMPORTY_ZRODLOWE\sync_missing_02-04-2026\Od Belgii Po przez Afryke az do Miedzynarodowki\20230410_201920.jpg
[OK] COPIED|C:\Users\adiha\Mój dysk\Historie Życia\Od Belgii Po przez Afryke az do Miedzynarodowki\20230412_122534.jpg|C:\Users\adiha\Pictures\01_IMPORTY_ZRODLOWE\sync_missing_02-04-2026\Od Belgii Po przez Afryke az do Miedzynarodowki\20230412_122534.jpg
[OK] COPIED|C:\Users\adiha\Mój dysk\Historie Życia\Od Belgii Po przez Afryke az do Miedzynarodowki\20230412_152611.jpg|C:\Users\adiha\Pictures\01_IMPORTY_ZRODLOWE\sync_missing_02-04-2026\Od Belgii Po przez Afryke az do Miedzynarodowki\20230412_152611.jpg
[OK] COPIED|C:\Users\adiha\Mój dysk\Historie Życia\Od Belgii Po przez Afryke az do Miedzynarodowki\20230413_171951.jpg|C:\Users\adiha\Pictures\01_IMPORTY_ZRODLOWE\sync_missing_02-04-2026\Od Belgii Po przez Afryke az do Miedzynarodowki\20230413_171951.jpg
[OK] COPIED|C:\Users\adiha\Mój dysk\Historie Życia\Od Belgii Po przez Afryke az do Miedzynarodowki\20230413_172000.jpg|C:\Users\adiha\Pictures\01_IMPORTY_ZRODLOWE\sync_missing_02-04-2026\Od Belgii Po przez Afryke az do Miedzynarodowki\20230413_172000.jpg
[OK] COPIED|C:\Users\adiha\Mój dysk\Historie Życia\Od Belgii Po przez Afryke az do Miedzynarodowki\20230413_172422.jpg|C:\Users\adiha\Pictures\01_IMPORTY_ZRODLOWE\sync_missing_02-04-2026\Od Belgii Po przez Afryke az do Miedzynarodowki\20230413_172422.jpg
[OK] COPIED|C:\Users\adiha\Mój dysk\Historie Życia\Od Belgii Po przez Afryke az do Miedzynarodowki\20230413_172800.jpg|C:\Users\adiha\Pictures\01_IMPORTY_ZRODLOWE\sync_missing_02-04-2026\Od Belgii Po przez Afryke az do Miedzynarodowki\20230413_172800.jpg
[OK] COPIED|C:\Users\adiha\Mój dysk\Historie Życia\Od Belgii Po przez Afryke az do Miedzynarodowki\20230414_153746.jpg|C:\Users\adiha\Pictures\01_IMPORTY_ZRODLOWE\sync_missing_02-04-2026\Od Belgii Po przez Afryke az do Miedzynarodowki\20230414_153746.jpg
[OK] COPIED|C:\Users\adiha\Mój dysk\Historie Życia\Od Belgii Po przez Afryke az do Miedzynarodowki\20230414_153751.jpg|C:\Users\adiha\Pictures\01_IMPORTY_ZRODLOWE\sync_missing_02-04-2026\Od Belgii Po przez Afryke az do Miedzynarodowki\20230414_153751.jpg
[OK] COPIED|C:\Users\adiha\Mój dysk\Historie Życia\Od Belgii Po przez Afryke az do Miedzynarodowki\20230414_153911.jpg|C:\Users\adiha\Pictures\01_IMPORTY_ZRODLOWE\sync_missing_02-04-2026\Od Belgii Po przez Afryke az do Miedzynarodowki\20230414_153911.jpg
[OK] COPIED|C:\Users\adiha\Mój dysk\Historie Życia\Od Belgii Po przez Afryke az do Miedzynarodowki\20230414_162611.jpg|C:\Users\adiha\Pictures\01_IMPORTY_ZRODLOWE\sync_missing_02-04-2026\Od Belgii Po przez Afryke az do Miedzynarodowki\20230414_162611.jpg
[OK] COPIED|C:\Users\adiha\Mój dysk\Historie Życia\Od Belgii Po przez Afryke az do Miedzynarodowki\20230415_155135.jpg|C:\Users\adiha\Pictures\01_IMPORTY_ZRODLOWE\sync_missing_02-04-2026\Od Belgii Po przez Afryke az do Miedzynarodowki\20230415_155135.jpg
[OK] COPIED|C:\Users\adiha\Mój dysk\Historie Życia\Od Belgii Po przez Afryke az do Miedzynarodowki\20230415_165342.jpg|C:\Users\adiha\Pictures\01_IMPORTY_ZRODLOWE\sync_missing_02-04-2026\Od Belgii Po przez Afryke az do Miedzynarodowki\20230415_165342.jpg
[OK] COPIED|C:\Users\adiha\Mój dysk\Historie Życia\Od Belgii Po przez Afryke az do Miedzynarodowki\20230416_175240.jpg|C:\Users\adiha\Pictures\01_IMPORTY_ZRODLOWE\sync_missing_02-04-2026\Od Belgii Po przez Afryke az do Miedzynarodowki\20230416_175240.jpg
[OK] COPIED|C:\Users\adiha\Mój dysk\Historie Życia\Od Belgii Po przez Afryke az do Miedzynarodowki\20230416_210434.jpg|C:\Users\adiha\Pictures\01_IMPORTY_ZRODLOWE\sync_missing_02-04-2026\Od Belgii Po przez Afryke az do Miedzynarodowki\20230416_210434.jpg
[OK] COPIED|C:\Users\adiha\Mój dysk\Historie Życia\Od Belgii Po przez Afryke az do Miedzynarodowki\20230416_210444.jpg|C:\Users\adiha\Pictures\01_IMPORTY_ZRODLOWE\sync_missing_02-04-2026\Od Belgii Po przez Afryke az do Miedzynarodowki\20230416_210444.jpg
[OK] COPIED|C:\Users\adiha\Mój dysk\Historie Życia\Od Belgii Po przez Afryke az do Miedzynarodowki\20230417_080546.jpg|C:\Users\adiha\Pictures\01_IMPORTY_ZRODLOWE\sync_missing_02-04-2026\Od Belgii Po przez Afryke az do Miedzynarodowki\20230417_080546.jpg
[OK] COPIED|C:\Users\adiha\Mój dysk\Historie Życia\Od Belgii Po przez Afryke az do Miedzynarodowki\20230417_080551.jpg|C:\Users\adiha\Pictures\01_IMPORTY_ZRODLOWE\sync_missing_02-04-2026\Od Belgii Po przez Afryke az do Miedzynarodowki\20230417_080551.jpg
[OK] COPIED|C:\Users\adiha\Mój dysk\Historie Życia\Od Belgii Po przez Afryke az do Miedzynarodowki\20230418_072544.jpg|C:\Users\adiha\Pictures\01_IMPORTY_ZRODLOWE\sync_missing_02-04-2026\Od Belgii Po przez Afryke az do Miedzynarodowki\20230418_072544.jpg
[OK] COPIED|C:\Users\adiha\Mój dysk\Historie Życia\Od Belgii Po przez Afryke az do Miedzynarodowki\20230418_072654.jpg|C:\Users\adiha\Pictures\01_IMPORTY_ZRODLOWE\sync_missing_02-04-2026\Od Belgii Po przez Afryke az do Miedzynarodowki\20230418_072654.jpg
[OK] COPIED|C:\Users\adiha\Mój dysk\Historie Życia\Od Belgii Po przez Afryke az do Miedzynarodowki\20230418_074256.jpg|C:\Users\adiha\Pictures\01_IMPORTY_ZRODLOWE\sync_missing_02-04-2026\Od Belgii Po przez Afryke az do Miedzynarodowki\20230418_074256.jpg
[OK] COPIED|C:\Users\adiha\Mój dysk\Historie Życia\Od Belgii Po przez Afryke az do Miedzynarodowki\20230418_074257.jpg|C:\Users\adiha\Pictures\01_IMPORTY_ZRODLOWE\sync_missing_02-04-2026\Od Belgii Po przez Afryke az do Miedzynarodowki\20230418_074257.jpg
[OK] COPIED|C:\Users\adiha\Mój dysk\Historie Życia\Od Belgii Po przez Afryke az do Miedzynarodowki\20230418_080757.jpg|C:\Users\adiha\Pictures\01_IMPORTY_ZRODLOWE\sync_missing_02-04-2026\Od Belgii Po przez Afryke az do Miedzynarodowki\20230418_080757.jpg
[OK] COPIED|C:\Users\adiha\Mój dysk\Historie Życia\Od Belgii Po przez Afryke az do Miedzynarodowki\20230418_080802.jpg|C:\Users\adiha\Pictures\01_IMPORTY_ZRODLOWE\sync_missing_02-04-2026\Od Belgii Po przez Afryke az do Miedzynarodowki\20230418_080802.jpg
[OK] COPIED|C:\Users\adiha\Mój dysk\Historie Życia\Od Belgii Po przez Afryke az do Miedzynarodowki\20230419_190549.jpg|C:\Users\adiha\Pictures\01_IMPORTY_ZRODLOWE\sync_missing_02-04-2026\Od Belgii Po przez Afryke az do Miedzynarodowki\20230419_190549.jpg
[OK] COPIED|C:\Users\adiha\Mój dysk\Historie Życia\Od Belgii Po przez Afryke az do Miedzynarodowki\20230419_190553.jpg|C:\Users\adiha\Pictures\01_IMPORTY_ZRODLOWE\sync_missing_02-04-2026\Od Belgii Po przez Afryke az do Miedzynarodowki\20230419_190553.jpg
[OK] COPIED|C:\Users\adiha\Mój dysk\Historie Życia\Od Belgii Po przez Afryke az do Miedzynarodowki\20230420_182625.jpg|C:\Users\adiha\Pictures\01_IMPORTY_ZRODLOWE\sync_missing_02-04-2026\Od Belgii Po przez Afryke az do Miedzynarodowki\20230420_182625.jpg
[OK] COPIED|C:\Users\adiha\Mój dysk\Historie Życia\Od Belgii Po przez Afryke az do Miedzynarodowki\20230420_182653.jpg|C:\Users\adiha\Pictures\01_IMPORTY_ZRODLOWE\sync_missing_02-04-2026\Od Belgii Po przez Afryke az do Miedzynarodowki\20230420_182653.jpg
[OK] COPIED|C:\Users\adiha\Mój dysk\Historie Życia\Od Belgii Po przez Afryke az do Miedzynarodowki\20230420_183713.jpg|C:\Users\adiha\Pictures\01_IMPORTY_ZRODLOWE\sync_missing_02-04-2026\Od Belgii Po przez Afryke az do Miedzynarodowki\20230420_183713.jpg
[OK] COPIED|C:\Users\adiha\Mój dysk\Historie Życia\Od Belgii Po przez Afryke az do Miedzynarodowki\20230421_111320.jpg|C:\Users\adiha\Pictures\01_IMPORTY_ZRODLOWE\sync_missing_02-04-2026\Od Belgii Po przez Afryke az do Miedzynarodowki\20230421_111320.jpg
[OK] COPIED|C:\Users\adiha\Mój dysk\Historie Życia\Od Belgii Po przez Afryke az do Miedzynarodowki\20230421_131804.jpg|C:\Users\adiha\Pictures\01_IMPORTY_ZRODLOWE\sync_missing_02-04-2026\Od Belgii Po przez Afryke az do Miedzynarodowki\20230421_131804.jpg
[OK] COPIED|C:\Users\adiha\Mój dysk\Historie Życia\Od Belgii Po przez Afryke az do Miedzynarodowki\20230421_131811.jpg|C:\Users\adiha\Pictures\01_IMPORTY_ZRODLOWE\sync_missing_02-04-2026\Od Belgii Po przez Afryke az do Miedzynarodowki\20230421_131811.jpg
[OK] COPIED|C:\Users\adiha\Mój dysk\Historie Życia\Od Belgii Po przez Afryke az do Miedzynarodowki\20230421_131945.jpg|C:\Users\adiha\Pictures\01_IMPORTY_ZRODLOWE\sync_missing_02-04-2026\Od Belgii Po przez Afryke az do Miedzynarodowki\20230421_131945.jpg
[OK] COPIED|C:\Users\adiha\Mój dysk\Historie Życia\Od Belgii Po przez Afryke az do Miedzynarodowki\20230421_184232.jpg|C:\Users\adiha\Pictures\01_IMPORTY_ZRODLOWE\sync_missing_02-04-2026\Od Belgii Po przez Afryke az do Miedzynarodowki\20230421_184232.jpg
[OK] COPIED|C:\Users\adiha\Mój dysk\Historie Życia\Od Belgii Po przez Afryke az do Miedzynarodowki\20230422_143316.jpg|C:\Users\adiha\Pictures\01_IMPORTY_ZRODLOWE\sync_missing_02-04-2026\Od Belgii Po przez Afryke az do Miedzynarodowki\20230422_143316.jpg
[OK] COPIED|C:\Users\adiha\Mój dysk\Historie Życia\Od Belgii Po przez Afryke az do Miedzynarodowki\20230422_151902.jpg|C:\Users\adiha\Pictures\01_IMPORTY_ZRODLOWE\sync_missing_02-04-2026\Od Belgii Po przez Afryke az do Miedzynarodowki\20230422_151902.jpg
[OK] COPIED|C:\Users\adiha\Mój dysk\Historie Życia\Od Belgii Po przez Afryke az do Miedzynarodowki\20230422_151906.jpg|C:\Users\adiha\Pictures\01_IMPORTY_ZRODLOWE\sync_missing_02-04-2026\Od Belgii Po przez Afryke az do Miedzynarodowki\20230422_151906.jpg
[OK] COPIED|C:\Users\adiha\Mój dysk\Historie Życia\Od Belgii Po przez Afryke az do Miedzynarodowki\20230422_152113.jpg|C:\Users\adiha\Pictures\01_IMPORTY_ZRODLOWE\sync_missing_02-04-2026\Od Belgii Po przez Afryke az do Miedzynarodowki\20230422_152113.jpg
[OK] COPIED|C:\Users\adiha\Mój dysk\Historie Życia\Od Belgii Po przez Afryke az do Miedzynarodowki\20230422_193454.jpg|C:\Users\adiha\Pictures\01_IMPORTY_ZRODLOWE\sync_missing_02-04-2026\Od Belgii Po przez Afryke az do Miedzynarodowki\20230422_193454.jpg
[OK] COPIED|C:\Users\adiha\Mój dysk\Historie Życia\Od Belgii Po przez Afryke az do Miedzynarodowki\20230422_193502.jpg|C:\Users\adiha\Pictures\01_IMPORTY_ZRODLOWE\sync_missing_02-04-2026\Od Belgii Po przez Afryke az do Miedzynarodowki\20230422_193502.jpg
[OK] COPIED|C:\Users\adiha\Mój dysk\Historie Życia\Od Belgii Po przez Afryke az do Miedzynarodowki\20230422_193505.jpg|C:\Users\adiha\Pictures\01_IMPORTY_ZRODLOWE\sync_missing_02-04-2026\Od Belgii Po przez Afryke az do Miedzynarodowki\20230422_193505.jpg
[OK] COPIED|C:\Users\adiha\Mój dysk\Historie Życia\Od Belgii Po przez Afryke az do Miedzynarodowki\20230423_175301.jpg|C:\Users\adiha\Pictures\01_IMPORTY_ZRODLOWE\sync_missing_02-04-2026\Od Belgii Po przez Afryke az do Miedzynarodowki\20230423_175301.jpg
[OK] COPIED|C:\Users\adiha\Mój dysk\Historie Życia\Od Belgii Po przez Afryke az do Miedzynarodowki\20230423_175330.jpg|C:\Users\adiha\Pictures\01_IMPORTY_ZRODLOWE\sync_missing_02-04-2026\Od Belgii Po przez Afryke az do Miedzynarodowki\20230423_175330.jpg
[OK] COPIED|C:\Users\adiha\Mój dysk\Historie Życia\Od Belgii Po przez Afryke az do Miedzynarodowki\20230423_175512.jpg|C:\Users\adiha\Pictures\01_IMPORTY_ZRODLOWE\sync_missing_02-04-2026\Od Belgii Po przez Afryke az do Miedzynarodowki\20230423_175512.jpg
[OK] COPIED|C:\Users\adiha\Mój dysk\Historie Życia\Od Belgii Po przez Afryke az do Miedzynarodowki\20230423_175743.jpg|C:\Users\adiha\Pictures\01_IMPORTY_ZRODLOWE\sync_missing_02-04-2026\Od Belgii Po przez Afryke az do Miedzynarodowki\20230423_175743.jpg
[OK] COPIED|C:\Users\adiha\Mój dysk\Historie Życia\Od Belgii Po przez Afryke az do Miedzynarodowki\20230423_175847.jpg|C:\Users\adiha\Pictures\01_IMPORTY_ZRODLOWE\sync_missing_02-04-2026\Od Belgii Po przez Afryke az do Miedzynarodowki\20230423_175847.jpg
[OK] COPIED|C:\Users\adiha\Mój dysk\Historie Życia\Od Belgii Po przez Afryke az do Miedzynarodowki\20230425_114727.jpg|C:\Users\adiha\Pictures\01_IMPORTY_ZRODLOWE\sync_missing_02-04-2026\Od Belgii Po przez Afryke az do Miedzynarodowki\20230425_114727.jpg
[OK] COPIED|C:\Users\adiha\Mój dysk\Historie Życia\Od Belgii Po przez Afryke az do Miedzynarodowki\20230425_114730.jpg|C:\Users\adiha\Pictures\01_IMPORTY_ZRODLOWE\sync_missing_02-04-2026\Od Belgii Po przez Afryke az do Miedzynarodowki\20230425_114730.jpg
[OK] COPIED|C:\Users\adiha\Mój dysk\Historie Życia\Od Belgii Po przez Afryke az do Miedzynarodowki\20230425_114733.jpg|C:\Users\adiha\Pictures\01_IMPORTY_ZRODLOWE\sync_missing_02-04-2026\Od Belgii Po przez Afryke az do Miedzynarodowki\20230425_114733.jpg
[OK] COPIED|C:\Users\adiha\Mój dysk\Historie Życia\Od Belgii Po przez Afryke az do Miedzynarodowki\20230425_114748.jpg|C:\Users\adiha\Pictures\01_IMPORTY_ZRODLOWE\sync_missing_02-04-2026\Od Belgii Po przez Afryke az do Miedzynarodowki\20230425_114748.jpg
[OK] COPIED|C:\Users\adiha\Mój dysk\Historie Życia\Od Belgii Po przez Afryke az do Miedzynarodowki\20230425_152511.jpg|C:\Users\adiha\Pictures\01_IMPORTY_ZRODLOWE\sync_missing_02-04-2026\Od Belgii Po przez Afryke az do Miedzynarodowki\20230425_152511.jpg
[OK] COPIED|C:\Users\adiha\Mój dysk\Historie Życia\Od Belgii Po przez Afryke az do Miedzynarodowki\20230427_140542.jpg|C:\Users\adiha\Pictures\01_IMPORTY_ZRODLOWE\sync_missing_02-04-2026\Od Belgii Po przez Afryke az do Miedzynarodowki\20230427_140542.jpg
[OK] COPIED|C:\Users\adiha\Mój dysk\Historie Życia\Od Belgii Po przez Afryke az do Miedzynarodowki\20230427_140550.jpg|C:\Users\adiha\Pictures\01_IMPORTY_ZRODLOWE\sync_missing_02-04-2026\Od Belgii Po przez Afryke az do Miedzynarodowki\20230427_140550.jpg
[OK] COPIED|C:\Users\adiha\Mój dysk\Historie Życia\Od Belgii Po przez Afryke az do Miedzynarodowki\20230427_140637.jpg|C:\Users\adiha\Pictures\01_IMPORTY_ZRODLOWE\sync_missing_02-04-2026\Od Belgii Po przez Afryke az do Miedzynarodowki\20230427_140637.jpg
[OK] COPIED|C:\Users\adiha\Mój dysk\Historie Życia\Od Belgii Po przez Afryke az do Miedzynarodowki\20230428_202116.jpg|C:\Users\adiha\Pictures\01_IMPORTY_ZRODLOWE\sync_missing_02-04-2026\Od Belgii Po przez Afryke az do Miedzynarodowki\20230428_202116.jpg
[OK] COPIED|C:\Users\adiha\Mój dysk\Historie Życia\Od Belgii Po przez Afryke az do Miedzynarodowki\20230428_202345.jpg|C:\Users\adiha\Pictures\01_IMPORTY_ZRODLOWE\sync_missing_02-04-2026\Od Belgii Po przez Afryke az do Miedzynarodowki\20230428_202345.jpg
[OK] COPIED|C:\Users\adiha\Mój dysk\Historie Życia\Od Belgii Po przez Afryke az do Miedzynarodowki\20230428_202504.jpg|C:\Users\adiha\Pictures\01_IMPORTY_ZRODLOWE\sync_missing_02-04-2026\Od Belgii Po przez Afryke az do Miedzynarodowki\20230428_202504.jpg
[OK] COPIED|C:\Users\adiha\Mój dysk\Historie Życia\Od Belgii Po przez Afryke az do Miedzynarodowki\20230429_163238.jpg|C:\Users\adiha\Pictures\01_IMPORTY_ZRODLOWE\sync_missing_02-04-2026\Od Belgii Po przez Afryke az do Miedzynarodowki\20230429_163238.jpg
[OK] COPIED|C:\Users\adiha\Mój dysk\Historie Życia\Od Belgii Po przez Afryke az do Miedzynarodowki\20230429_165315.mp4|C:\Users\adiha\Pictures\01_IMPORTY_ZRODLOWE\sync_missing_02-04-2026\Od Belgii Po przez Afryke az do Miedzynarodowki\20230429_165315.mp4
[OK] COPIED|C:\Users\adiha\Mój dysk\Historie Życia\Od Belgii Po przez Afryke az do Miedzynarodowki\20230429_175420.jpg|C:\Users\adiha\Pictures\01_IMPORTY_ZRODLOWE\sync_missing_02-04-2026\Od Belgii Po przez Afryke az do Miedzynarodowki\20230429_175420.jpg
[OK] COPIED|C:\Users\adiha\Mój dysk\Historie Życia\Od Belgii Po przez Afryke az do Miedzynarodowki\20230429_175430.jpg|C:\Users\adiha\Pictures\01_IMPORTY_ZRODLOWE\sync_missing_02-04-2026\Od Belgii Po przez Afryke az do Miedzynarodowki\20230429_175430.jpg
[OK] COPIED|C:\Users\adiha\Mój dysk\Historie Życia\Od Belgii Po przez Afryke az do Miedzynarodowki\20230429_175456.mp4|C:\Users\adiha\Pictures\01_IMPORTY_ZRODLOWE\sync_missing_02-04-2026\Od Belgii Po przez Afryke az do Miedzynarodowki\20230429_175456.mp4
[OK] COPIED|C:\Users\adiha\Mój dysk\Historie Życia\Od Belgii Po przez Afryke az do Miedzynarodowki\20230429_191238.jpg|C:\Users\adiha\Pictures\01_IMPORTY_ZRODLOWE\sync_missing_02-04-2026\Od Belgii Po przez Afryke az do Miedzynarodowki\20230429_191238.jpg
[OK] COPIED|C:\Users\adiha\Mój dysk\Historie Życia\Od Belgii Po przez Afryke az do Miedzynarodowki\20230501_104926.jpg|C:\Users\adiha\Pictures\01_IMPORTY_ZRODLOWE\sync_missing_02-04-2026\Od Belgii Po przez Afryke az do Miedzynarodowki\20230501_104926.jpg
[OK] COPIED|C:\Users\adiha\Mój dysk\Historie Życia\Od Belgii Po przez Afryke az do Miedzynarodowki\20230501_141423.jpg|C:\Users\adiha\Pictures\01_IMPORTY_ZRODLOWE\sync_missing_02-04-2026\Od Belgii Po przez Afryke az do Miedzynarodowki\20230501_141423.jpg
[OK] COPIED|C:\Users\adiha\Mój dysk\Historie Życia\Od Belgii Po przez Afryke az do Miedzynarodowki\20230501_141435.jpg|C:\Users\adiha\Pictures\01_IMPORTY_ZRODLOWE\sync_missing_02-04-2026\Od Belgii Po przez Afryke az do Miedzynarodowki\20230501_141435.jpg
[OK] COPIED|C:\Users\adiha\Mój dysk\Historie Życia\Od Belgii Po przez Afryke az do Miedzynarodowki\20230501_142545.jpg|C:\Users\adiha\Pictures\01_IMPORTY_ZRODLOWE\sync_missing_02-04-2026\Od Belgii Po przez Afryke az do Miedzynarodowki\20230501_142545.jpg
[OK] COPIED|C:\Users\adiha\Mój dysk\Historie Życia\Od Belgii Po przez Afryke az do Miedzynarodowki\20230501_144039.jpg|C:\Users\adiha\Pictures\01_IMPORTY_ZRODLOWE\sync_missing_02-04-2026\Od Belgii Po przez Afryke az do Miedzynarodowki\20230501_144039.jpg
[OK] COPIED|C:\Users\adiha\Mój dysk\Historie Życia\Od Belgii Po przez Afryke az do Miedzynarodowki\20230502_184023.jpg|C:\Users\adiha\Pictures\01_IMPORTY_ZRODLOWE\sync_missing_02-04-2026\Od Belgii Po przez Afryke az do Miedzynarodowki\20230502_184023.jpg
[OK] COPIED|C:\Users\adiha\Mój dysk\Historie Życia\Od Belgii Po przez Afryke az do Miedzynarodowki\20230502_185744.jpg|C:\Users\adiha\Pictures\01_IMPORTY_ZRODLOWE\sync_missing_02-04-2026\Od Belgii Po przez Afryke az do Miedzynarodowki\20230502_185744.jpg
[OK] COPIED|C:\Users\adiha\Mój dysk\Historie Życia\Od Belgii Po przez Afryke az do Miedzynarodowki\20230503_165631.jpg|C:\Users\adiha\Pictures\01_IMPORTY_ZRODLOWE\sync_missing_02-04-2026\Od Belgii Po przez Afryke az do Miedzynarodowki\20230503_165631.jpg
[OK] COPIED|C:\Users\adiha\Mój dysk\Historie Życia\Od Belgii Po przez Afryke az do Miedzynarodowki\20230507_061203.jpg|C:\Users\adiha\Pictures\01_IMPORTY_ZRODLOWE\sync_missing_02-04-2026\Od Belgii Po przez Afryke az do Miedzynarodowki\20230507_061203.jpg
[OK] COPIED|C:\Users\adiha\Mój dysk\Historie Życia\Od Belgii Po przez Afryke az do Miedzynarodowki\20230507_061204.jpg|C:\Users\adiha\Pictures\01_IMPORTY_ZRODLOWE\sync_missing_02-04-2026\Od Belgii Po przez Afryke az do Miedzynarodowki\20230507_061204.jpg
[OK] COPIED|C:\Users\adiha\Mój dysk\Historie Życia\Od Belgii Po przez Afryke az do Miedzynarodowki\20230507_061210.jpg|C:\Users\adiha\Pictures\01_IMPORTY_ZRODLOWE\sync_missing_02-04-2026\Od Belgii Po przez Afryke az do Miedzynarodowki\20230507_061210.jpg
[OK] COPIED|C:\Users\adiha\Mój dysk\Historie Życia\Od Belgii Po przez Afryke az do Miedzynarodowki\20230507_072245.mp4|C:\Users\adiha\Pictures\01_IMPORTY_ZRODLOWE\sync_missing_02-04-2026\Od Belgii Po przez Afryke az do Miedzynarodowki\20230507_072245.mp4
[OK] COPIED|C:\Users\adiha\Mój dysk\Historie Życia\Od Belgii Po przez Afryke az do Miedzynarodowki\20230507_094404.jpg|C:\Users\adiha\Pictures\01_IMPORTY_ZRODLOWE\sync_missing_02-04-2026\Od Belgii Po przez Afryke az do Miedzynarodowki\20230507_094404.jpg
[OK] COPIED|C:\Users\adiha\Mój dysk\Historie Życia\Od Belgii Po przez Afryke az do Miedzynarodowki\20230507_094411.jpg|C:\Users\adiha\Pictures\01_IMPORTY_ZRODLOWE\sync_missing_02-04-2026\Od Belgii Po przez Afryke az do Miedzynarodowki\20230507_094411.jpg
[OK] COPIED|C:\Users\adiha\Mój dysk\Historie Życia\Od Belgii Po przez Afryke az do Miedzynarodowki\20230514_155353.jpg|C:\Users\adiha\Pictures\01_IMPORTY_ZRODLOWE\sync_missing_02-04-2026\Od Belgii Po przez Afryke az do Miedzynarodowki\20230514_155353.jpg
[OK] COPIED|C:\Users\adiha\Mój dysk\Historie Życia\Od Belgii Po przez Afryke az do Miedzynarodowki\20230514_181603.jpg|C:\Users\adiha\Pictures\01_IMPORTY_ZRODLOWE\sync_missing_02-04-2026\Od Belgii Po przez Afryke az do Miedzynarodowki\20230514_181603.jpg
[OK] COPIED|C:\Users\adiha\Mój dysk\Historie Życia\Od Belgii Po przez Afryke az do Miedzynarodowki\20230514_181606.jpg|C:\Users\adiha\Pictures\01_IMPORTY_ZRODLOWE\sync_missing_02-04-2026\Od Belgii Po przez Afryke az do Miedzynarodowki\20230514_181606.jpg
[OK] COPIED|C:\Users\adiha\Mój dysk\Historie Życia\Od Belgii Po przez Afryke az do Miedzynarodowki\20230515_182428.jpg|C:\Users\adiha\Pictures\01_IMPORTY_ZRODLOWE\sync_missing_02-04-2026\Od Belgii Po przez Afryke az do Miedzynarodowki\20230515_182428.jpg
[OK] COPIED|C:\Users\adiha\Mój dysk\Historie Życia\Od Belgii Po przez Afryke az do Miedzynarodowki\20230515_182623.jpg|C:\Users\adiha\Pictures\01_IMPORTY_ZRODLOWE\sync_missing_02-04-2026\Od Belgii Po przez Afryke az do Miedzynarodowki\20230515_182623.jpg
[OK] COPIED|C:\Users\adiha\Mój dysk\Historie Życia\Od Belgii Po przez Afryke az do Miedzynarodowki\20230515_182710.jpg|C:\Users\adiha\Pictures\01_IMPORTY_ZRODLOWE\sync_missing_02-04-2026\Od Belgii Po przez Afryke az do Miedzynarodowki\20230515_182710.jpg
[OK] COPIED|C:\Users\adiha\Mój dysk\Historie Życia\Od Belgii Po przez Afryke az do Miedzynarodowki\20230515_204849.jpg|C:\Users\adiha\Pictures\01_IMPORTY_ZRODLOWE\sync_missing_02-04-2026\Od Belgii Po przez Afryke az do Miedzynarodowki\20230515_204849.jpg
[OK] COPIED|C:\Users\adiha\Mój dysk\Historie Życia\Od Belgii Po przez Afryke az do Miedzynarodowki\20230516_170737.jpg|C:\Users\adiha\Pictures\01_IMPORTY_ZRODLOWE\sync_missing_02-04-2026\Od Belgii Po przez Afryke az do Miedzynarodowki\20230516_170737.jpg
[OK] COPIED|C:\Users\adiha\Mój dysk\Historie Życia\Od Belgii Po przez Afryke az do Miedzynarodowki\20230521_071023.jpg|C:\Users\adiha\Pictures\01_IMPORTY_ZRODLOWE\sync_missing_02-04-2026\Od Belgii Po przez Afryke az do Miedzynarodowki\20230521_071023.jpg
[OK] COPIED|C:\Users\adiha\Mój dysk\Historie Życia\Od Belgii Po przez Afryke az do Miedzynarodowki\20230521_071027.jpg|C:\Users\adiha\Pictures\01_IMPORTY_ZRODLOWE\sync_missing_02-04-2026\Od Belgii Po przez Afryke az do Miedzynarodowki\20230521_071027.jpg
[OK] COPIED|C:\Users\adiha\Mój dysk\Historie Życia\Od Belgii Po przez Afryke az do Miedzynarodowki\20230521_071037.jpg|C:\Users\adiha\Pictures\01_IMPORTY_ZRODLOWE\sync_missing_02-04-2026\Od Belgii Po przez Afryke az do Miedzynarodowki\20230521_071037.jpg
[OK] COPIED|C:\Users\adiha\Mój dysk\Historie Życia\Od Belgii Po przez Afryke az do Miedzynarodowki\20230521_071044.jpg|C:\Users\adiha\Pictures\01_IMPORTY_ZRODLOWE\sync_missing_02-04-2026\Od Belgii Po przez Afryke az do Miedzynarodowki\20230521_071044.jpg
[OK] COPIED|C:\Users\adiha\Mój dysk\Historie Życia\Od Belgii Po przez Afryke az do Miedzynarodowki\20230521_071048.jpg|C:\Users\adiha\Pictures\01_IMPORTY_ZRODLOWE\sync_missing_02-04-2026\Od Belgii Po przez Afryke az do Miedzynarodowki\20230521_071048.jpg
[OK] COPIED|C:\Users\adiha\Mój dysk\Historie Życia\Od Belgii Po przez Afryke az do Miedzynarodowki\20230521_071058.jpg|C:\Users\adiha\Pictures\01_IMPORTY_ZRODLOWE\sync_missing_02-04-2026\Od Belgii Po przez Afryke az do Miedzynarodowki\20230521_071058.jpg
[OK] COPIED|C:\Users\adiha\Mój dysk\Historie Życia\Od Belgii Po przez Afryke az do Miedzynarodowki\20230521_090649.jpg|C:\Users\adiha\Pictures\01_IMPORTY_ZRODLOWE\sync_missing_02-04-2026\Od Belgii Po przez Afryke az do Miedzynarodowki\20230521_090649.jpg
[OK] COPIED|C:\Users\adiha\Mój dysk\Historie Życia\Od Belgii Po przez Afryke az do Miedzynarodowki\20230521_090733.jpg|C:\Users\adiha\Pictures\01_IMPORTY_ZRODLOWE\sync_missing_02-04-2026\Od Belgii Po przez Afryke az do Miedzynarodowki\20230521_090733.jpg
[OK] COPIED|C:\Users\adiha\Mój dysk\Historie Życia\Od Belgii Po przez Afryke az do Miedzynarodowki\20230521_090738.jpg|C:\Users\adiha\Pictures\01_IMPORTY_ZRODLOWE\sync_missing_02-04-2026\Od Belgii Po przez Afryke az do Miedzynarodowki\20230521_090738.jpg
[OK] COPIED|C:\Users\adiha\Mój dysk\Historie Życia\Od Belgii Po przez Afryke az do Miedzynarodowki\20230521_091145.jpg|C:\Users\adiha\Pictures\01_IMPORTY_ZRODLOWE\sync_missing_02-04-2026\Od Belgii Po przez Afryke az do Miedzynarodowki\20230521_091145.jpg
[OK] COPIED|C:\Users\adiha\Mój dysk\Historie Życia\Od Belgii Po przez Afryke az do Miedzynarodowki\20230521_091356.jpg|C:\Users\adiha\Pictures\01_IMPORTY_ZRODLOWE\sync_missing_02-04-2026\Od Belgii Po przez Afryke az do Miedzynarodowki\20230521_091356.jpg
[OK] COPIED|C:\Users\adiha\Mój dysk\Historie Życia\Od Belgii Po przez Afryke az do Miedzynarodowki\20230521_091400.jpg|C:\Users\adiha\Pictures\01_IMPORTY_ZRODLOWE\sync_missing_02-04-2026\Od Belgii Po przez Afryke az do Miedzynarodowki\20230521_091400.jpg
[OK] COPIED|C:\Users\adiha\Mój dysk\Historie Życia\Od Belgii Po przez Afryke az do Miedzynarodowki\20230521_091404.jpg|C:\Users\adiha\Pictures\01_IMPORTY_ZRODLOWE\sync_missing_02-04-2026\Od Belgii Po przez Afryke az do Miedzynarodowki\20230521_091404.jpg
[OK] COPIED|C:\Users\adiha\Mój dysk\Historie Życia\Od Belgii Po przez Afryke az do Miedzynarodowki\20230521_091416.jpg|C:\Users\adiha\Pictures\01_IMPORTY_ZRODLOWE\sync_missing_02-04-2026\Od Belgii Po przez Afryke az do Miedzynarodowki\20230521_091416.jpg
[OK] COPIED|C:\Users\adiha\Mój dysk\Historie Życia\Od Belgii Po przez Afryke az do Miedzynarodowki\20230521_091429.jpg|C:\Users\adiha\Pictures\01_IMPORTY_ZRODLOWE\sync_missing_02-04-2026\Od Belgii Po przez Afryke az do Miedzynarodowki\20230521_091429.jpg
[OK] COPIED|C:\Users\adiha\Mój dysk\Historie Życia\Od Belgii Po przez Afryke az do Miedzynarodowki\20230521_095247.jpg|C:\Users\adiha\Pictures\01_IMPORTY_ZRODLOWE\sync_missing_02-04-2026\Od Belgii Po przez Afryke az do Miedzynarodowki\20230521_095247.jpg
[OK] COPIED|C:\Users\adiha\Mój dysk\Historie Życia\Od Belgii Po przez Afryke az do Miedzynarodowki\20230521_095252.jpg|C:\Users\adiha\Pictures\01_IMPORTY_ZRODLOWE\sync_missing_02-04-2026\Od Belgii Po przez Afryke az do Miedzynarodowki\20230521_095252.jpg
[OK] COPIED|C:\Users\adiha\Mój dysk\Historie Życia\Od Belgii Po przez Afryke az do Miedzynarodowki\20230521_095316.jpg|C:\Users\adiha\Pictures\01_IMPORTY_ZRODLOWE\sync_missing_02-04-2026\Od Belgii Po przez Afryke az do Miedzynarodowki\20230521_095316.jpg
[OK] COPIED|C:\Users\adiha\Mój dysk\Historie Życia\Od Belgii Po przez Afryke az do Miedzynarodowki\20230521_095321.jpg|C:\Users\adiha\Pictures\01_IMPORTY_ZRODLOWE\sync_missing_02-04-2026\Od Belgii Po przez Afryke az do Miedzynarodowki\20230521_095321.jpg
[OK] COPIED|C:\Users\adiha\Mój dysk\Historie Życia\Od Belgii Po przez Afryke az do Miedzynarodowki\20230521_101957.jpg|C:\Users\adiha\Pictures\01_IMPORTY_ZRODLOWE\sync_missing_02-04-2026\Od Belgii Po przez Afryke az do Miedzynarodowki\20230521_101957.jpg
[OK] COPIED|C:\Users\adiha\Mój dysk\Historie Życia\Od Belgii Po przez Afryke az do Miedzynarodowki\20230521_105000.jpg|C:\Users\adiha\Pictures\01_IMPORTY_ZRODLOWE\sync_missing_02-04-2026\Od Belgii Po przez Afryke az do Miedzynarodowki\20230521_105000.jpg
[OK] COPIED|C:\Users\adiha\Mój dysk\Historie Życia\Od Belgii Po przez Afryke az do Miedzynarodowki\20230521_105653.jpg|C:\Users\adiha\Pictures\01_IMPORTY_ZRODLOWE\sync_missing_02-04-2026\Od Belgii Po przez Afryke az do Miedzynarodowki\20230521_105653.jpg
[OK] COPIED|C:\Users\adiha\Mój dysk\Historie Życia\Od Belgii Po przez Afryke az do Miedzynarodowki\20230521_105747.jpg|C:\Users\adiha\Pictures\01_IMPORTY_ZRODLOWE\sync_missing_02-04-2026\Od Belgii Po przez Afryke az do Miedzynarodowki\20230521_105747.jpg
[OK] COPIED|C:\Users\adiha\Mój dysk\Historie Życia\Od Belgii Po przez Afryke az do Miedzynarodowki\20230521_105830.jpg|C:\Users\adiha\Pictures\01_IMPORTY_ZRODLOWE\sync_missing_02-04-2026\Od Belgii Po przez Afryke az do Miedzynarodowki\20230521_105830.jpg
[OK] COPIED|C:\Users\adiha\Mój dysk\Historie Życia\Od Belgii Po przez Afryke az do Miedzynarodowki\20230521_110116.jpg|C:\Users\adiha\Pictures\01_IMPORTY_ZRODLOWE\sync_missing_02-04-2026\Od Belgii Po przez Afryke az do Miedzynarodowki\20230521_110116.jpg
[OK] COPIED|C:\Users\adiha\Mój dysk\Historie Życia\Od Belgii Po przez Afryke az do Miedzynarodowki\20230521_110138.jpg|C:\Users\adiha\Pictures\01_IMPORTY_ZRODLOWE\sync_missing_02-04-2026\Od Belgii Po przez Afryke az do Miedzynarodowki\20230521_110138.jpg
[OK] COPIED|C:\Users\adiha\Mój dysk\Historie Życia\Od Belgii Po przez Afryke az do Miedzynarodowki\20230523_094025.jpg|C:\Users\adiha\Pictures\01_IMPORTY_ZRODLOWE\sync_missing_02-04-2026\Od Belgii Po przez Afryke az do Miedzynarodowki\20230523_094025.jpg
[OK] COPIED|C:\Users\adiha\Mój dysk\Historie Życia\Od Belgii Po przez Afryke az do Miedzynarodowki\20230523_094029.jpg|C:\Users\adiha\Pictures\01_IMPORTY_ZRODLOWE\sync_missing_02-04-2026\Od Belgii Po przez Afryke az do Miedzynarodowki\20230523_094029.jpg
[OK] COPIED|C:\Users\adiha\Mój dysk\Historie Życia\Od Belgii Po przez Afryke az do Miedzynarodowki\20230523_094034.jpg|C:\Users\adiha\Pictures\01_IMPORTY_ZRODLOWE\sync_missing_02-04-2026\Od Belgii Po przez Afryke az do Miedzynarodowki\20230523_094034.jpg
[OK] COPIED|C:\Users\adiha\Mój dysk\Historie Życia\Od Belgii Po przez Afryke az do Miedzynarodowki\20230527_191402.jpg|C:\Users\adiha\Pictures\01_IMPORTY_ZRODLOWE\sync_missing_02-04-2026\Od Belgii Po przez Afryke az do Miedzynarodowki\20230527_191402.jpg
[OK] COPIED|C:\Users\adiha\Mój dysk\Historie Życia\Od Belgii Po przez Afryke az do Miedzynarodowki\20230616_135106.jpg|C:\Users\adiha\Pictures\01_IMPORTY_ZRODLOWE\sync_missing_02-04-2026\Od Belgii Po przez Afryke az do Miedzynarodowki\20230616_135106.jpg
[OK] COPIED|C:\Users\adiha\Mój dysk\Historie Życia\Od Belgii Po przez Afryke az do Miedzynarodowki\20230616_135107.jpg|C:\Users\adiha\Pictures\01_IMPORTY_ZRODLOWE\sync_missing_02-04-2026\Od Belgii Po przez Afryke az do Miedzynarodowki\20230616_135107.jpg
[OK] COPIED|C:\Users\adiha\Mój dysk\Historie Życia\Od Belgii Po przez Afryke az do Miedzynarodowki\20230616_135109.jpg|C:\Users\adiha\Pictures\01_IMPORTY_ZRODLOWE\sync_missing_02-04-2026\Od Belgii Po przez Afryke az do Miedzynarodowki\20230616_135109.jpg
[OK] COPIED|C:\Users\adiha\Mój dysk\Historie Życia\Od Belgii Po przez Afryke az do Miedzynarodowki\20230616_135208.jpg|C:\Users\adiha\Pictures\01_IMPORTY_ZRODLOWE\sync_missing_02-04-2026\Od Belgii Po przez Afryke az do Miedzynarodowki\20230616_135208.jpg
[OK] COPIED|C:\Users\adiha\Mój dysk\Historie Życia\Od Belgii Po przez Afryke az do Miedzynarodowki\20230810_075644.jpg|C:\Users\adiha\Pictures\01_IMPORTY_ZRODLOWE\sync_missing_02-04-2026\Od Belgii Po przez Afryke az do Miedzynarodowki\20230810_075644.jpg
[OK] COPIED|C:\Users\adiha\Mój dysk\Historie Życia\Od Belgii Po przez Afryke az do Miedzynarodowki\20230918_175003.jpg|C:\Users\adiha\Pictures\01_IMPORTY_ZRODLOWE\sync_missing_02-04-2026\Od Belgii Po przez Afryke az do Miedzynarodowki\20230918_175003.jpg
[OK] COPIED|C:\Users\adiha\Mój dysk\Historie Życia\Od Belgii Po przez Afryke az do Miedzynarodowki\20230918_175007(0).jpg|C:\Users\adiha\Pictures\01_IMPORTY_ZRODLOWE\sync_missing_02-04-2026\Od Belgii Po przez Afryke az do Miedzynarodowki\20230918_175007(0).jpg
[OK] COPIED|C:\Users\adiha\Mój dysk\Historie Życia\Od Belgii Po przez Afryke az do Miedzynarodowki\20230918_175007.jpg|C:\Users\adiha\Pictures\01_IMPORTY_ZRODLOWE\sync_missing_02-04-2026\Od Belgii Po przez Afryke az do Miedzynarodowki\20230918_175007.jpg
[OK] COPIED|C:\Users\adiha\Mój dysk\Historie Życia\Od Belgii Po przez Afryke az do Miedzynarodowki\20231002_181025.jpg|C:\Users\adiha\Pictures\01_IMPORTY_ZRODLOWE\sync_missing_02-04-2026\Od Belgii Po przez Afryke az do Miedzynarodowki\20231002_181025.jpg
[OK] COPIED|C:\Users\adiha\Mój dysk\Historie Życia\Od Belgii Po przez Afryke az do Miedzynarodowki\20231006_231458.jpg|C:\Users\adiha\Pictures\01_IMPORTY_ZRODLOWE\sync_missing_02-04-2026\Od Belgii Po przez Afryke az do Miedzynarodowki\20231006_231458.jpg
[OK] COPIED|C:\Users\adiha\Mój dysk\Historie Życia\Od Belgii Po przez Afryke az do Miedzynarodowki\20231006_231510.jpg|C:\Users\adiha\Pictures\01_IMPORTY_ZRODLOWE\sync_missing_02-04-2026\Od Belgii Po przez Afryke az do Miedzynarodowki\20231006_231510.jpg
[OK] COPIED|C:\Users\adiha\Mój dysk\Historie Życia\Od Belgii Po przez Afryke az do Miedzynarodowki\20240319_153839.jpg|C:\Users\adiha\Pictures\01_IMPORTY_ZRODLOWE\sync_missing_02-04-2026\Od Belgii Po przez Afryke az do Miedzynarodowki\20240319_153839.jpg
[OK] COPIED|C:\Users\adiha\Mój dysk\Historie Życia\Od Belgii Po przez Afryke az do Miedzynarodowki\20240405_093146.jpg|C:\Users\adiha\Pictures\01_IMPORTY_ZRODLOWE\sync_missing_02-04-2026\Od Belgii Po przez Afryke az do Miedzynarodowki\20240405_093146.jpg
[OK] COPIED|C:\Users\adiha\Mój dysk\Historie Życia\Od Belgii Po przez Afryke az do Miedzynarodowki\20240405_200153.jpg|C:\Users\adiha\Pictures\01_IMPORTY_ZRODLOWE\sync_missing_02-04-2026\Od Belgii Po przez Afryke az do Miedzynarodowki\20240405_200153.jpg
[OK] COPIED|C:\Users\adiha\Mój dysk\Historie Życia\Od Belgii Po przez Afryke az do Miedzynarodowki\20240407_125528.jpg|C:\Users\adiha\Pictures\01_IMPORTY_ZRODLOWE\sync_missing_02-04-2026\Od Belgii Po przez Afryke az do Miedzynarodowki\20240407_125528.jpg
[OK] COPIED|C:\Users\adiha\Mój dysk\Historie Życia\Od Belgii Po przez Afryke az do Miedzynarodowki\20240408_183350.jpg|C:\Users\adiha\Pictures\01_IMPORTY_ZRODLOWE\sync_missing_02-04-2026\Od Belgii Po przez Afryke az do Miedzynarodowki\20240408_183350.jpg
[OK] COPIED|C:\Users\adiha\Mój dysk\Historie Życia\Od Belgii Po przez Afryke az do Miedzynarodowki\20240408_183702.jpg|C:\Users\adiha\Pictures\01_IMPORTY_ZRODLOWE\sync_missing_02-04-2026\Od Belgii Po przez Afryke az do Miedzynarodowki\20240408_183702.jpg
[OK] COPIED|C:\Users\adiha\Mój dysk\Historie Życia\Mix Awatary i Zdjecia\Przy świetle 4;5.jpg|C:\Users\adiha\Pictures\01_IMPORTY_ZRODLOWE\sync_missing_02-04-2026\Mix Awatary i Zdjecia\Przy świetle 4;5.jpg
